{
  "stats": {
    "suites": 1,
    "tests": 1,
    "passes": 1,
    "pending": 0,
    "failures": 0,
    "start": "2023-02-14T06:48:17.345Z",
    "end": "2023-02-14T06:48:17.992Z",
    "duration": 647,
    "testsRegistered": 1,
    "passPercent": 100,
    "pendingPercent": 0,
    "other": 0,
    "hasOther": false,
    "skipped": 0,
    "hasSkipped": false
  },
  "results": [
    {
      "uuid": "66bf939e-931e-4ade-9e26-9999757257b1",
      "title": "",
      "fullFile": "cypress\\e2e\\API\\ex9_DELETE_request.cy.js",
      "file": "cypress\\e2e\\API\\ex9_DELETE_request.cy.js",
      "beforeHooks": [],
      "afterHooks": [],
      "tests": [],
      "suites": [
        {
          "uuid": "b7002628-9d3f-495f-bfba-66b3fe2392b0",
          "title": "api",
          "fullFile": "",
          "file": "",
          "beforeHooks": [],
          "afterHooks": [],
          "tests": [
            {
              "title": "DELETE",
              "fullTitle": "api DELETE",
              "timedOut": null,
              "duration": 584,
              "state": "passed",
              "speed": "fast",
              "pass": true,
              "fail": false,
              "pending": false,
              "context": null,
              "code": "cy.request('DELETE', 'https://reqres.in/api/users/2').then(function (response) {\n  expect(response.status).to.be.eq(204);\n});",
              "err": {},
              "uuid": "c03ce6e3-cdbe-412c-9441-4e8ef83dfd0c",
              "parentUUID": "b7002628-9d3f-495f-bfba-66b3fe2392b0",
              "isHook": false,
              "skipped": false
            }
          ],
          "suites": [],
          "passes": [
            "c03ce6e3-cdbe-412c-9441-4e8ef83dfd0c"
          ],
          "failures": [],
          "pending": [],
          "skipped": [],
          "duration": 584,
          "root": false,
          "rootEmpty": false,
          "_timeout": 2000
        }
      ],
      "passes": [],
      "failures": [],
      "pending": [],
      "skipped": [],
      "duration": 0,
      "root": true,
      "rootEmpty": true,
      "_timeout": 2000
    }
  ],
  "meta": {
    "mocha": {
      "version": "7.0.1"
    },
    "mochawesome": {
      "options": {
        "quiet": false,
        "reportFilename": "mochawesome",
        "saveHtml": true,
        "saveJson": true,
        "consoleReporter": "spec",
        "useInlineDiffs": false,
        "code": true
      },
      "version": "7.1.3"
    },
    "marge": {
      "options": {
        "reportDir": "cypress/results",
        "overwrite": false,
        "html": true,
        "json": true
      },
      "version": "6.2.0"
    }
  }
}