{
  "stats": {
    "suites": 1,
    "tests": 1,
    "passes": 1,
    "pending": 0,
    "failures": 0,
    "start": "2023-02-14T06:47:40.371Z",
    "end": "2023-02-14T06:47:41.346Z",
    "duration": 975,
    "testsRegistered": 1,
    "passPercent": 100,
    "pendingPercent": 0,
    "other": 0,
    "hasOther": false,
    "skipped": 0,
    "hasSkipped": false
  },
  "results": [
    {
      "uuid": "67576b78-393c-42dc-84fa-f274fe0b928f",
      "title": "",
      "fullFile": "cypress\\e2e\\API\\ex8_PUT-Request.cy.js",
      "file": "cypress\\e2e\\API\\ex8_PUT-Request.cy.js",
      "beforeHooks": [],
      "afterHooks": [],
      "tests": [],
      "suites": [
        {
          "uuid": "4c86ad77-c73c-47f9-b8cd-d5ea98dd0d48",
          "title": "api",
          "fullFile": "",
          "file": "",
          "beforeHooks": [],
          "afterHooks": [],
          "tests": [
            {
              "title": "PUT",
              "fullTitle": "api PUT",
              "timedOut": null,
              "duration": 886,
              "state": "passed",
              "speed": "fast",
              "pass": true,
              "fail": false,
              "pending": false,
              "context": null,
              "code": "cy.request('PUT', 'https://reqres.in/api/users/2', {\n  \"name\": \"morpheus\",\n  \"job\": \"zion resident\"\n}).then(function (response) {\n  expect(response.status).to.be.eq(200);\n  cy.log(response.body.email);\n});",
              "err": {},
              "uuid": "a2084532-df5b-436c-8524-9a69b4325c3e",
              "parentUUID": "4c86ad77-c73c-47f9-b8cd-d5ea98dd0d48",
              "isHook": false,
              "skipped": false
            }
          ],
          "suites": [],
          "passes": [
            "a2084532-df5b-436c-8524-9a69b4325c3e"
          ],
          "failures": [],
          "pending": [],
          "skipped": [],
          "duration": 886,
          "root": false,
          "rootEmpty": false,
          "_timeout": 2000
        }
      ],
      "passes": [],
      "failures": [],
      "pending": [],
      "skipped": [],
      "duration": 0,
      "root": true,
      "rootEmpty": true,
      "_timeout": 2000
    }
  ],
  "meta": {
    "mocha": {
      "version": "7.0.1"
    },
    "mochawesome": {
      "options": {
        "quiet": false,
        "reportFilename": "mochawesome",
        "saveHtml": true,
        "saveJson": true,
        "consoleReporter": "spec",
        "useInlineDiffs": false,
        "code": true
      },
      "version": "7.1.3"
    },
    "marge": {
      "options": {
        "reportDir": "cypress/results",
        "overwrite": false,
        "html": true,
        "json": true
      },
      "version": "6.2.0"
    }
  }
}