{
  "stats": {
    "suites": 1,
    "tests": 1,
    "passes": 1,
    "pending": 0,
    "failures": 0,
    "start": "2023-02-14T06:39:19.497Z",
    "end": "2023-02-14T06:39:20.317Z",
    "duration": 820,
    "testsRegistered": 1,
    "passPercent": 100,
    "pendingPercent": 0,
    "other": 0,
    "hasOther": false,
    "skipped": 0,
    "hasSkipped": false
  },
  "results": [
    {
      "uuid": "a2860dca-df02-43ac-a81d-00343d23fa4f",
      "title": "",
      "fullFile": "cypress\\e2e\\API\\ex7_POST_request.cy.js",
      "file": "cypress\\e2e\\API\\ex7_POST_request.cy.js",
      "beforeHooks": [],
      "afterHooks": [],
      "tests": [],
      "suites": [
        {
          "uuid": "bb21579a-ab8c-47c8-83c7-224989d3381d",
          "title": "api",
          "fullFile": "",
          "file": "",
          "beforeHooks": [],
          "afterHooks": [],
          "tests": [
            {
              "title": "POST",
              "fullTitle": "api POST",
              "timedOut": null,
              "duration": 671,
              "state": "passed",
              "speed": "fast",
              "pass": true,
              "fail": false,
              "pending": false,
              "context": null,
              "code": "cy.request('POST', 'https://reqres.in/api/users', {\n  \"name\": \"morpheus\",\n  \"job\": \"leader\"\n}).then(function (response) {\n  expect(response.status).to.be.eq(201);\n  cy.log(response.body.name);\n  cy.log(response.body.leader);\n});",
              "err": {},
              "uuid": "d80fae73-9db3-431d-885c-8afd35eb3dea",
              "parentUUID": "bb21579a-ab8c-47c8-83c7-224989d3381d",
              "isHook": false,
              "skipped": false
            }
          ],
          "suites": [],
          "passes": [
            "d80fae73-9db3-431d-885c-8afd35eb3dea"
          ],
          "failures": [],
          "pending": [],
          "skipped": [],
          "duration": 671,
          "root": false,
          "rootEmpty": false,
          "_timeout": 2000
        }
      ],
      "passes": [],
      "failures": [],
      "pending": [],
      "skipped": [],
      "duration": 0,
      "root": true,
      "rootEmpty": true,
      "_timeout": 2000
    }
  ],
  "meta": {
    "mocha": {
      "version": "7.0.1"
    },
    "mochawesome": {
      "options": {
        "quiet": false,
        "reportFilename": "mochawesome",
        "saveHtml": true,
        "saveJson": true,
        "consoleReporter": "spec",
        "useInlineDiffs": false,
        "code": true
      },
      "version": "7.1.3"
    },
    "marge": {
      "options": {
        "reportDir": "cypress/results",
        "overwrite": false,
        "html": true,
        "json": true
      },
      "version": "6.2.0"
    }
  }
}